0 info it worked if it ends with ok
1 verbose cli [ 'C:\\Program Files\\nodejs\\node.exe',
1 verbose cli   'C:\\Program Files\\nodejs\\node_modules\\npm\\bin\\npm-cli.js',
1 verbose cli   'publish' ]
2 info using npm@3.10.10
3 info using node@v6.10.0
4 verbose publish [ '.' ]
5 silly cache add args [ '.', null ]
6 verbose cache add spec .
7 silly cache add parsed spec Result {
7 silly cache add   raw: '.',
7 silly cache add   scope: null,
7 silly cache add   escapedName: null,
7 silly cache add   name: null,
7 silly cache add   rawSpec: '.',
7 silly cache add   spec: 'F:\\npm_module',
7 silly cache add   type: 'directory' }
8 verbose addLocalDirectory C:\Users\Arun\AppData\Roaming\npm-cache\harrypotter-names\1.0.0\package.tgz not in flight; packing
9 verbose correctMkdir C:\Users\Arun\AppData\Roaming\npm-cache correctMkdir not in flight; initializing
10 info lifecycle harrypotter-names@1.0.0~prepublish: harrypotter-names@1.0.0
11 silly lifecycle harrypotter-names@1.0.0~prepublish: no script for prepublish, continuing
12 verbose tar pack [ 'C:\\Users\\Arun\\AppData\\Roaming\\npm-cache\\harrypotter-names\\1.0.0\\package.tgz',
12 verbose tar pack   'F:\\npm_module' ]
13 verbose tarball C:\Users\Arun\AppData\Roaming\npm-cache\harrypotter-names\1.0.0\package.tgz
14 verbose folder F:\npm_module
15 verbose addLocalTarball adding from inside cache C:\Users\Arun\AppData\Roaming\npm-cache\harrypotter-names\1.0.0\package.tgz
16 verbose correctMkdir C:\Users\Arun\AppData\Roaming\npm-cache correctMkdir not in flight; initializing
17 silly cache afterAdd harrypotter-names@1.0.0
18 verbose afterAdd C:\Users\Arun\AppData\Roaming\npm-cache\harrypotter-names\1.0.0\package\package.json not in flight; writing
19 verbose correctMkdir C:\Users\Arun\AppData\Roaming\npm-cache correctMkdir not in flight; initializing
20 verbose afterAdd C:\Users\Arun\AppData\Roaming\npm-cache\harrypotter-names\1.0.0\package\package.json written
21 silly publish { name: 'harrypotter-names',
21 silly publish   version: '1.0.0',
21 silly publish   description: 'Get harry potter character names ',
21 silly publish   main: 'src/index.js',
21 silly publish   scripts: { test: 'echo "Error: no test specified" && exit 1' },
21 silly publish   repository:
21 silly publish    { type: 'git',
21 silly publish      url: 'git+https://github.com/arunsrinivas2206/harrypotter-names.git' },
21 silly publish   keywords: [ 'harry', 'potter', 'names', 'random' ],
21 silly publish   author:
21 silly publish    { name: 'Arun Srinivas',
21 silly publish      email: 'arunsrinivas.venkatesh@yahoo.com',
21 silly publish      url: 'http://cuckoopost.com/' },
21 silly publish   license: 'MIT',
21 silly publish   bugs: { url: 'https://github.com/arunsrinivas2206/harrypotter-names/issues' },
21 silly publish   homepage: 'https://github.com/arunsrinivas2206/harrypotter-names#readme',
21 silly publish   dependencies: { 'unique-random-array': '1.0.0' },
21 silly publish   readme: '# harrypotter-names\n',
21 silly publish   readmeFilename: 'README.md',
21 silly publish   gitHead: '26cb7c427074fdf2c1e24a0c879510733fdf8298',
21 silly publish   _id: 'harrypotter-names@1.0.0',
21 silly publish   _shasum: '098033964dec56f867bab8cb4fdc8687007ba634',
21 silly publish   _from: '.' }
22 verbose getPublishConfig undefined
23 silly mapToRegistry name harrypotter-names
24 silly mapToRegistry using default registry
25 silly mapToRegistry registry https://registry.npmjs.org/
26 silly mapToRegistry data Result {
26 silly mapToRegistry   raw: 'harrypotter-names',
26 silly mapToRegistry   scope: null,
26 silly mapToRegistry   escapedName: 'harrypotter-names',
26 silly mapToRegistry   name: 'harrypotter-names',
26 silly mapToRegistry   rawSpec: '',
26 silly mapToRegistry   spec: 'latest',
26 silly mapToRegistry   type: 'tag' }
27 silly mapToRegistry uri https://registry.npmjs.org/harrypotter-names
28 verbose publish registryBase https://registry.npmjs.org/
29 silly publish uploading C:\Users\Arun\AppData\Roaming\npm-cache\harrypotter-names\1.0.0\package.tgz
30 verbose request uri https://registry.npmjs.org/harrypotter-names
31 verbose request sending authorization for write operation
32 info attempt registry request try #1 at 12:11:35 AM
33 verbose request using bearer token for auth
34 verbose request id d03a9d8ee3452942
35 http request PUT https://registry.npmjs.org/harrypotter-names
36 http 403 https://registry.npmjs.org/harrypotter-names
37 verbose headers { 'content-type': 'application/json',
37 verbose headers   'cache-control': 'max-age=300',
37 verbose headers   'content-length': '111',
37 verbose headers   'accept-ranges': 'bytes',
37 verbose headers   date: 'Tue, 14 Mar 2017 18:42:05 GMT',
37 verbose headers   via: '1.1 varnish',
37 verbose headers   connection: 'keep-alive',
37 verbose headers   'x-served-by': 'cache-lcy1139-LCY',
37 verbose headers   'x-cache': 'MISS',
37 verbose headers   'x-cache-hits': '0',
37 verbose headers   'x-timer': 'S1489516925.389943,VS0,VE602',
37 verbose headers   vary: 'Accept-Encoding' }
38 verbose request invalidating C:\Users\Arun\AppData\Roaming\npm-cache\registry.npmjs.org\harrypotter-names on PUT
39 error publish Failed PUT 403
40 verbose stack Error: you do not have permission to publish "harrypotter-names". Are you logged in as the correct user? : harrypotter-names
40 verbose stack     at makeError (C:\Program Files\nodejs\node_modules\npm\node_modules\npm-registry-client\lib\request.js:302:12)
40 verbose stack     at CachingRegistryClient.<anonymous> (C:\Program Files\nodejs\node_modules\npm\node_modules\npm-registry-client\lib\request.js:290:14)
40 verbose stack     at Request._callback (C:\Program Files\nodejs\node_modules\npm\node_modules\npm-registry-client\lib\request.js:210:14)
40 verbose stack     at Request.self.callback (C:\Program Files\nodejs\node_modules\npm\node_modules\request\request.js:187:22)
40 verbose stack     at emitTwo (events.js:106:13)
40 verbose stack     at Request.emit (events.js:191:7)
40 verbose stack     at Request.<anonymous> (C:\Program Files\nodejs\node_modules\npm\node_modules\request\request.js:1048:10)
40 verbose stack     at emitOne (events.js:96:13)
40 verbose stack     at Request.emit (events.js:188:7)
40 verbose stack     at IncomingMessage.<anonymous> (C:\Program Files\nodejs\node_modules\npm\node_modules\request\request.js:969:12)
41 verbose statusCode 403
42 verbose pkgid harrypotter-names
43 verbose cwd F:\npm_module
44 error Windows_NT 6.3.9600
45 error argv "C:\\Program Files\\nodejs\\node.exe" "C:\\Program Files\\nodejs\\node_modules\\npm\\bin\\npm-cli.js" "publish"
46 error node v6.10.0
47 error npm  v3.10.10
48 error code E403
49 error you do not have permission to publish "harrypotter-names". Are you logged in as the correct user? : harrypotter-names
50 error If you need help, you may report this error at:
50 error     <https://github.com/npm/npm/issues>
51 verbose exit [ 1, true ]
